#
# A fatal error has been detected by the Java Runtime Environment:
#
#  EXCEPTION_ACCESS_VIOLATION (0xc0000005) at pc=0x00007ffe54671f1f, pid=8788, tid=9352
#
# JRE version: OpenJDK Runtime Environment Temurin-17.0.5+8 (17.0.5+8) (build 17.0.5+8)
# Java VM: OpenJDK 64-Bit Server VM Temurin-17.0.5+8 (17.0.5+8, mixed mode, tiered, compressed oops, compressed class ptrs, g1 gc, windows-amd64)
# Problematic frame:
# V  [jvm.dll+0x221f1f]
#
# No core dump will be written. Minidumps are not enabled by default on client versions of Windows
#
# If you would like to submit a bug report, please visit:
#   https://github.com/adoptium/adoptium-support/issues
#

---------------  S U M M A R Y ------------

Command Line: -Dmaven.home=EMBEDDED -Dclassworlds.conf=D:\AvanzadaII\.metadata\.plugins\org.eclipse.m2e.launching\launches\m2conf15318557332833919963.tmp -Dmaven.multiModuleProjectDirectory=D:\AvanzadaII\proyecto_pa_u2_db-1 -Dm2e.build.project.data.socket.port=54334 -Dfile.encoding=UTF-8 -XX:+ShowCodeDetailsInExceptionMessages org.codehaus.plexus.classworlds.launcher.Launcher -Ppom.xml -B -Dstyle.color=always install

Host: Intel(R) Core(TM) i7-7700 CPU @ 3.60GHz, 8 cores, 15G,  Windows 10 , 64 bit Build 19041 (10.0.19041.2364)
Time: Mon Jan  9 18:21:36 2023 Hora est. Pacífico, Sudamérica elapsed time: 0.621002 seconds (0d 0h 0m 0s)

---------------  T H R E A D  ---------------

Current thread (0x000002936f3df8d0):  JavaThread "C2 CompilerThread2" daemon [_thread_in_native, id=9352, stack(0x000000ae1c000000,0x000000ae1c100000)]


Current CompileTask:
C2:    621  947   !   4       jdk.internal.loader.URLClassPath$JarLoader::getResource (65 bytes)

Stack: [0x000000ae1c000000,0x000000ae1c100000],  sp=0x000000ae1c0fd8e0,  free space=1014k
Native frames: (J=compiled Java code, j=interpreted, Vv=VM code, C=native code)
V  [jvm.dll+0x221f1f]
V  [jvm.dll+0x699c1b]
V  [jvm.dll+0x216ca9]
V  [jvm.dll+0x1a343d]
V  [jvm.dll+0x22698a]
V  [jvm.dll+0x224ac5]
V  [jvm.dll+0x7e727b]
V  [jvm.dll+0x7e17ea]
V  [jvm.dll+0x6759e5]
C  [ucrtbase.dll+0x21bb2]
C  [KERNEL32.DLL+0x17614]
C  [ntdll.dll+0x526a1]


siginfo: EXCEPTION_ACCESS_VIOLATION (0xc0000005), reading address 0xffffffffffffffff


Register to memory mapping:

RIP=0x00007ffe54671f1f jvm.dll
RAX=0x004002936ffd0ce0 is an unknown value
RBX=0x000000ae1c0fea20 is pointing into the stack for thread: 0x000002936f3df8d0
RCX=0x000000000000000e is an unknown value
RDX=0x0000000000000027 is an unknown value
RSP=0x000000ae1c0fd8e0 is pointing into the stack for thread: 0x000002936f3df8d0
RBP=0x00000000000001ba is an unknown value
RSI=0x000002936efda108 points into unknown readable memory: 0x00007ffe54d8ac28 | 28 ac d8 54 fe 7f 00 00
RDI=0x000000ae1c0fdb70 is pointing into the stack for thread: 0x000002936f3df8d0
R8 =0x0000000000000007 is an unknown value
R9 =0x0000000000000010 is an unknown value
R10=0x000002936ffd4f28 points into unknown readable memory: 0x000002936efda150 | 50 a1 fd 6e 93 02 00 00
R11=0x000002936ffd4f60 points into unknown readable memory: 0x004002936ffd0ce0 | e0 0c fd 6f 93 02 40 00
R12=0x000002936f148f40 points into unknown readable memory: 0x00007ffe54e16438 | 38 64 e1 54 fe 7f 00 00
R13=0x0 is NULL
R14=0x000000ae1c0fda30 is pointing into the stack for thread: 0x000002936f3df8d0
R15=0x0000000000000003 is an unknown value


Registers:
RAX=0x004002936ffd0ce0, RBX=0x000000ae1c0fea20, RCX=0x000000000000000e, RDX=0x0000000000000027
RSP=0x000000ae1c0fd8e0, RBP=0x00000000000001ba, RSI=0x000002936efda108, RDI=0x000000ae1c0fdb70
R8 =0x0000000000000007, R9 =0x0000000000000010, R10=0x000002936ffd4f28, R11=0x000002936ffd4f60
R12=0x000002936f148f40, R13=0x0000000000000000, R14=0x000000ae1c0fda30, R15=0x0000000000000003
RIP=0x00007ffe54671f1f, EFLAGS=0x0000000000010283

Top of Stack: (sp=0x000000ae1c0fd8e0)
0x000000ae1c0fd8e0:   000000ae1c0fea20 000002936efd9e78
0x000000ae1c0fd8f0:   000000ae1c0fea20 000000000000181d
0x000000ae1c0fd900:   0000000000000003 000000ae1c0fda30
0x000000ae1c0fd910:   000002936d7cf8d0 000000ae1c0fdfc0
0x000000ae1c0fd920:   000000ae1c0fdb60 00007ffe54ae9c1b
0x000000ae1c0fd930:   000000ae1c0fda60 000002936fcca4f0
0x000000ae1c0fd940:   000000ae1c0fda60 000000ae1c0fdb60
0x000000ae1c0fd950:   000000ae1c0fea20 00007ffe54666ca9
0x000000ae1c0fd960:   000002936fcca4f0 000000ae1c0fda60
0x000000ae1c0fd970:   0000000000000002 0000000000000001
0x000000ae1c0fd980:   0000000000000000 0000000000000000
0x000000ae1c0fd990:   0000000000000000 0000000000000000
0x000000ae1c0fd9a0:   0000000000000000 0000000000000000
0x000000ae1c0fd9b0:   0000000000000000 00007ffe54d6cf3c
0x000000ae1c0fd9c0:   0000000000000000 0000000000000000
0x000000ae1c0fd9d0:   0000000000000000 00007ffe54d6cf3c 

Instructions: (pc=0x00007ffe54671f1f)
0x00007ffe54671e1f:   48 8d 93 d0 07 00 00 4c 8b c7 48 8b cb e8 9f fc
0x00007ffe54671e2f:   ff ff 48 8d 93 e8 07 00 00 4c 8b c7 48 8b cb e8
0x00007ffe54671e3f:   8d fc ff ff 48 8b 05 46 4d 93 00 48 8b d7 48 8b
0x00007ffe54671e4f:   48 28 48 8b 01 48 8b 5c 24 48 48 83 c4 20 5f 48
0x00007ffe54671e5f:   ff a0 b0 00 00 00 3b d0 7d 38 48 63 c2 4c 8d 04
0x00007ffe54671e6f:   c5 00 00 00 00 0f 1f 40 00 0f 1f 84 00 00 00 00
0x00007ffe54671e7f:   00 48 8b 8b 10 02 00 00 4d 8d 40 08 ff c2 4a 8b
0x00007ffe54671e8f:   44 01 f8 4a 89 44 01 f0 8b 83 08 02 00 00 3b d0
0x00007ffe54671e9f:   7c df ff c8 89 83 08 02 00 00 e9 3e ff ff ff cc
0x00007ffe54671eaf:   cc 48 89 5c 24 10 48 89 6c 24 18 56 57 41 55 41
0x00007ffe54671ebf:   56 41 57 48 83 ec 20 45 33 ed 48 8b fa 48 8b d9
0x00007ffe54671ecf:   41 8b ed 44 39 6a 18 0f 86 ae 00 00 00 0f 1f 40
0x00007ffe54671edf:   00 48 8b 47 10 44 8b c5 ff c5 4a 8b 34 c0 8b 46
0x00007ffe54671eef:   2c 83 e0 03 3c 03 75 09 48 8d 4e 48 e8 70 85 4a
0x00007ffe54671eff:   00 44 8b 4e 20 45 8b c5 45 85 c9 7e 50 0f 1f 40
0x00007ffe54671f0f:   00 4c 8b 56 10 41 8b c0 4d 8d 1c c2 49 8b 04 c2
0x00007ffe54671f1f:   8b 48 28 8b c1 c1 e8 05 3b 47 20 73 11 8b d0 83
0x00007ffe54671f2f:   e1 1f 48 8b 47 28 8b 04 90 0f a3 c8 72 13 ff 4e
0x00007ffe54671f3f:   20 41 ff c8 8b 46 20 41 ff c9 49 8b 04 c2 49 89
0x00007ffe54671f4f:   03 41 ff c0 45 3b c1 7c b8 44 8b 4e 20 41 83 f9
0x00007ffe54671f5f:   01 75 1f 48 8b ce e8 b6 21 43 00 84 c0 74 13 48
0x00007ffe54671f6f:   8b 56 10 48 8b 8b 98 07 00 00 48 8b 12 e8 1f 14
0x00007ffe54671f7f:   e8 ff 3b 6f 18 0f 82 56 ff ff ff 44 8b 83 a8 01
0x00007ffe54671f8f:   00 00 41 83 e8 01 4d 63 c8 78 56 66 0f 1f 44 00
0x00007ffe54671f9f:   00 4c 8b 93 b0 01 00 00 4b 8b 04 ca 8b 48 28 8b
0x00007ffe54671faf:   c1 c1 e8 05 3b 47 20 73 11 8b d0 83 e1 1f 48 8b
0x00007ffe54671fbf:   47 28 8b 04 90 0f a3 c8 72 1e 48 63 8b a8 01 00
0x00007ffe54671fcf:   00 8d 41 ff 89 83 a8 01 00 00 44 3b c0 7d 09 49
0x00007ffe54671fdf:   8b 4c ca f8 4b 89 0c ca 41 ff c8 49 83 e9 01 79
0x00007ffe54671fef:   b0 44 8b 83 c0 01 00 00 41 83 e8 01 4d 63 c8 78
0x00007ffe54671fff:   50 4c 8b 93 c8 01 00 00 4b 8b 04 ca 8b 48 28 8b
0x00007ffe5467200f:   c1 c1 e8 05 3b 47 20 73 11 8b d0 83 e1 1f 48 8b 


Stack slot to memory mapping:
stack at sp + 0 slots: 0x000000ae1c0fea20 is pointing into the stack for thread: 0x000002936f3df8d0
stack at sp + 1 slots: 0x000002936efd9e78 points into unknown readable memory: 0x00007ffe54d639a8 | a8 39 d6 54 fe 7f 00 00
stack at sp + 2 slots: 0x000000ae1c0fea20 is pointing into the stack for thread: 0x000002936f3df8d0
stack at sp + 3 slots: 0x000000000000181d is an unknown value
stack at sp + 4 slots: 0x0000000000000003 is an unknown value
stack at sp + 5 slots: 0x000000ae1c0fda30 is pointing into the stack for thread: 0x000002936f3df8d0
stack at sp + 6 slots: 0x000002936d7cf8d0 points into unknown readable memory: 0x0000000000000000 | 00 00 00 00 00 00 00 00
stack at sp + 7 slots: 0x000000ae1c0fdfc0 is pointing into the stack for thread: 0x000002936f3df8d0


---------------  P R O C E S S  ---------------

Threads class SMR info:
_java_thread_list=0x000002936fd44ba0, length=14, elements={
0x000002934d0cb010, 0x000002936e85d7a0, 0x000002936e85e350, 0x000002936e8ba010,
0x000002936e8ba9c0, 0x000002936e8c3380, 0x000002936e8c89c0, 0x000002936e8cbe50,
0x000002936e8cd850, 0x000002936e8d8630, 0x000002936e8cb040, 0x000002936e8c8e90,
0x000002936eb423c0, 0x000002936f3df8d0
}

Java Threads: ( => current thread )
  0x000002934d0cb010 JavaThread "main" [_thread_in_Java, id=4024, stack(0x000000ae1ac00000,0x000000ae1ad00000)]
  0x000002936e85d7a0 JavaThread "Reference Handler" daemon [_thread_blocked, id=9520, stack(0x000000ae1b300000,0x000000ae1b400000)]
  0x000002936e85e350 JavaThread "Finalizer" daemon [_thread_blocked, id=800, stack(0x000000ae1b400000,0x000000ae1b500000)]
  0x000002936e8ba010 JavaThread "Signal Dispatcher" daemon [_thread_blocked, id=7596, stack(0x000000ae1b500000,0x000000ae1b600000)]
  0x000002936e8ba9c0 JavaThread "Attach Listener" daemon [_thread_blocked, id=1412, stack(0x000000ae1b600000,0x000000ae1b700000)]
  0x000002936e8c3380 JavaThread "Service Thread" daemon [_thread_blocked, id=6984, stack(0x000000ae1b700000,0x000000ae1b800000)]
  0x000002936e8c89c0 JavaThread "Monitor Deflation Thread" daemon [_thread_blocked, id=9544, stack(0x000000ae1b800000,0x000000ae1b900000)]
  0x000002936e8cbe50 JavaThread "C2 CompilerThread0" daemon [_thread_blocked, id=6608, stack(0x000000ae1b900000,0x000000ae1ba00000)]
  0x000002936e8cd850 JavaThread "C1 CompilerThread0" daemon [_thread_in_native_trans, id=8832, stack(0x000000ae1ba00000,0x000000ae1bb00000)]
  0x000002936e8d8630 JavaThread "Sweeper thread" daemon [_thread_blocked, id=10596, stack(0x000000ae1bb00000,0x000000ae1bc00000)]
  0x000002936e8cb040 JavaThread "Notification Thread" daemon [_thread_blocked, id=5616, stack(0x000000ae1bc00000,0x000000ae1bd00000)]
  0x000002936e8c8e90 JavaThread "Common-Cleaner" daemon [_thread_blocked, id=2672, stack(0x000000ae1be00000,0x000000ae1bf00000)]
  0x000002936eb423c0 JavaThread "C2 CompilerThread1" daemon [_thread_blocked, id=11052, stack(0x000000ae1bf00000,0x000000ae1c000000)]
=>0x000002936f3df8d0 JavaThread "C2 CompilerThread2" daemon [_thread_in_native, id=9352, stack(0x000000ae1c000000,0x000000ae1c100000)]

Other Threads:
  0x000002936e85bc00 VMThread "VM Thread" [stack: 0x000000ae1b200000,0x000000ae1b300000] [id=9748]
  0x000002936ea46880 WatcherThread [stack: 0x000000ae1bd00000,0x000000ae1be00000] [id=5356]
  0x000002934d139940 GCTaskThread "GC Thread#0" [stack: 0x000000ae1ad00000,0x000000ae1ae00000] [id=8020]
  0x00000293701802d0 GCTaskThread "GC Thread#1" [stack: 0x000000ae1c100000,0x000000ae1c200000] [id=9256]
  0x0000029370111630 GCTaskThread "GC Thread#2" [stack: 0x000000ae1c200000,0x000000ae1c300000] [id=10428]
  0x000002936eb0b890 GCTaskThread "GC Thread#3" [stack: 0x000000ae1c300000,0x000000ae1c400000] [id=6016]
  0x000002936ffe9150 GCTaskThread "GC Thread#4" [stack: 0x000000ae1c400000,0x000000ae1c500000] [id=8060]
  0x00000293700e9400 GCTaskThread "GC Thread#5" [stack: 0x000000ae1c500000,0x000000ae1c600000] [id=10744]
  0x00000293705cfcf0 GCTaskThread "GC Thread#6" [stack: 0x000000ae1c600000,0x000000ae1c700000] [id=9752]
  0x00000293704e6c80 GCTaskThread "GC Thread#7" [stack: 0x000000ae1c700000,0x000000ae1c800000] [id=4604]
  0x000002934d188010 ConcurrentGCThread "G1 Main Marker" [stack: 0x000000ae1ae00000,0x000000ae1af00000] [id=5552]
  0x000002934d1888c0 ConcurrentGCThread "G1 Conc#0" [stack: 0x000000ae1af00000,0x000000ae1b000000] [id=1404]
  0x000002936d7f2ab0 ConcurrentGCThread "G1 Refine#0" [stack: 0x000000ae1b000000,0x000000ae1b100000] [id=3588]
  0x000002936d7f3370 ConcurrentGCThread "G1 Service" [stack: 0x000000ae1b100000,0x000000ae1b200000] [id=11200]

Threads with active compile tasks:
C1 CompilerThread0      661 1062       1       java.lang.reflect.Method::getModifiers (5 bytes)
C2 CompilerThread2      661  947   !   4       jdk.internal.loader.URLClassPath$JarLoader::getResource (65 bytes)

VM state: not at safepoint (normal execution)

VM Mutex/Monitor currently owned by a thread: None

Heap address: 0x0000000701400000, size: 4076 MB, Compressed Oops mode: Zero based, Oop shift amount: 3

CDS archive(s) not mapped
Compressed class space mapped at: 0x0000000800000000-0x0000000840000000, reserved size: 1073741824
Narrow klass base: 0x0000000800000000, Narrow klass shift: 0, Narrow klass range: 0x40000000

GC Precious Log:
 CPUs: 8 total, 8 available
 Memory: 16296M
 Large Page Support: Disabled
 NUMA Support: Disabled
 Compressed Oops: Enabled (Zero based)
 Heap Region Size: 2M
 Heap Min Capacity: 8M
 Heap Initial Capacity: 256M
 Heap Max Capacity: 4076M
 Pre-touch: Disabled
 Parallel Workers: 8
 Concurrent Workers: 2
 Concurrent Refinement Workers: 8
 Periodic GC: Disabled

Heap:
 garbage-first heap   total 262144K, used 6692K [0x0000000701400000, 0x0000000800000000)
  region size 2048K, 4 young (8192K), 2 survivors (4096K)
 Metaspace       used 14386K, committed 14528K, reserved 1064960K
  class space    used 1399K, committed 1472K, reserved 1048576K

Heap Regions: E=young(eden), S=young(survivor), O=old, HS=humongous(starts), HC=humongous(continues), CS=collection set, F=free, OA=open archive, CA=closed archive, TAMS=top-at-mark-start (previous, next)
|   0|0x0000000701400000, 0x0000000701489000, 0x0000000701600000| 26%| O|  |TAMS 0x0000000701400000, 0x0000000701400000| Untracked 
|   1|0x0000000701600000, 0x0000000701600000, 0x0000000701800000|  0%| F|  |TAMS 0x0000000701600000, 0x0000000701600000| Untracked 
|   2|0x0000000701800000, 0x0000000701800000, 0x0000000701a00000|  0%| F|  |TAMS 0x0000000701800000, 0x0000000701800000| Untracked 
|   3|0x0000000701a00000, 0x0000000701a00000, 0x0000000701c00000|  0%| F|  |TAMS 0x0000000701a00000, 0x0000000701a00000| Untracked 
|   4|0x0000000701c00000, 0x0000000701c00000, 0x0000000701e00000|  0%| F|  |TAMS 0x0000000701c00000, 0x0000000701c00000| Untracked 
|   5|0x0000000701e00000, 0x0000000701e00000, 0x0000000702000000|  0%| F|  |TAMS 0x0000000701e00000, 0x0000000701e00000| Untracked 
|   6|0x0000000702000000, 0x0000000702000000, 0x0000000702200000|  0%| F|  |TAMS 0x0000000702000000, 0x0000000702000000| Untracked 
|   7|0x0000000702200000, 0x0000000702200000, 0x0000000702400000|  0%| F|  |TAMS 0x0000000702200000, 0x0000000702200000| Untracked 
|   8|0x0000000702400000, 0x0000000702400000, 0x0000000702600000|  0%| F|  |TAMS 0x0000000702400000, 0x0000000702400000| Untracked 
|   9|0x0000000702600000, 0x0000000702600000, 0x0000000702800000|  0%| F|  |TAMS 0x0000000702600000, 0x0000000702600000| Untracked 
|  10|0x0000000702800000, 0x0000000702800000, 0x0000000702a00000|  0%| F|  |TAMS 0x0000000702800000, 0x0000000702800000| Untracked 
|  11|0x0000000702a00000, 0x0000000702a00000, 0x0000000702c00000|  0%| F|  |TAMS 0x0000000702a00000, 0x0000000702a00000| Untracked 
|  12|0x0000000702c00000, 0x0000000702c00000, 0x0000000702e00000|  0%| F|  |TAMS 0x0000000702c00000, 0x0000000702c00000| Untracked 
|  13|0x0000000702e00000, 0x0000000702e00000, 0x0000000703000000|  0%| F|  |TAMS 0x0000000702e00000, 0x0000000702e00000| Untracked 
|  14|0x0000000703000000, 0x0000000703000000, 0x0000000703200000|  0%| F|  |TAMS 0x0000000703000000, 0x0000000703000000| Untracked 
|  15|0x0000000703200000, 0x0000000703200000, 0x0000000703400000|  0%| F|  |TAMS 0x0000000703200000, 0x0000000703200000| Untracked 
|  16|0x0000000703400000, 0x0000000703400000, 0x0000000703600000|  0%| F|  |TAMS 0x0000000703400000, 0x0000000703400000| Untracked 
|  17|0x0000000703600000, 0x0000000703600000, 0x0000000703800000|  0%| F|  |TAMS 0x0000000703600000, 0x0000000703600000| Untracked 
|  18|0x0000000703800000, 0x0000000703800000, 0x0000000703a00000|  0%| F|  |TAMS 0x0000000703800000, 0x0000000703800000| Untracked 
|  19|0x0000000703a00000, 0x0000000703a00000, 0x0000000703c00000|  0%| F|  |TAMS 0x0000000703a00000, 0x0000000703a00000| Untracked 
|  20|0x0000000703c00000, 0x0000000703c00000, 0x0000000703e00000|  0%| F|  |TAMS 0x0000000703c00000, 0x0000000703c00000| Untracked 
|  21|0x0000000703e00000, 0x0000000703e00000, 0x0000000704000000|  0%| F|  |TAMS 0x0000000703e00000, 0x0000000703e00000| Untracked 
|  22|0x0000000704000000, 0x0000000704000000, 0x0000000704200000|  0%| F|  |TAMS 0x0000000704000000, 0x0000000704000000| Untracked 
|  23|0x0000000704200000, 0x0000000704200000, 0x0000000704400000|  0%| F|  |TAMS 0x0000000704200000, 0x0000000704200000| Untracked 
|  24|0x0000000704400000, 0x0000000704400000, 0x0000000704600000|  0%| F|  |TAMS 0x0000000704400000, 0x0000000704400000| Untracked 
|  25|0x0000000704600000, 0x0000000704600000, 0x0000000704800000|  0%| F|  |TAMS 0x0000000704600000, 0x0000000704600000| Untracked 
|  26|0x0000000704800000, 0x0000000704800000, 0x0000000704a00000|  0%| F|  |TAMS 0x0000000704800000, 0x0000000704800000| Untracked 
|  27|0x0000000704a00000, 0x0000000704a00000, 0x0000000704c00000|  0%| F|  |TAMS 0x0000000704a00000, 0x0000000704a00000| Untracked 
|  28|0x0000000704c00000, 0x0000000704c00000, 0x0000000704e00000|  0%| F|  |TAMS 0x0000000704c00000, 0x0000000704c00000| Untracked 
|  29|0x0000000704e00000, 0x0000000704e00000, 0x0000000705000000|  0%| F|  |TAMS 0x0000000704e00000, 0x0000000704e00000| Untracked 
|  30|0x0000000705000000, 0x0000000705000000, 0x0000000705200000|  0%| F|  |TAMS 0x0000000705000000, 0x0000000705000000| Untracked 
|  31|0x0000000705200000, 0x0000000705200000, 0x0000000705400000|  0%| F|  |TAMS 0x0000000705200000, 0x0000000705200000| Untracked 
|  32|0x0000000705400000, 0x0000000705400000, 0x0000000705600000|  0%| F|  |TAMS 0x0000000705400000, 0x0000000705400000| Untracked 
|  33|0x0000000705600000, 0x0000000705600000, 0x0000000705800000|  0%| F|  |TAMS 0x0000000705600000, 0x0000000705600000| Untracked 
|  34|0x0000000705800000, 0x0000000705800000, 0x0000000705a00000|  0%| F|  |TAMS 0x0000000705800000, 0x0000000705800000| Untracked 
|  35|0x0000000705a00000, 0x0000000705a00000, 0x0000000705c00000|  0%| F|  |TAMS 0x0000000705a00000, 0x0000000705a00000| Untracked 
|  36|0x0000000705c00000, 0x0000000705c00000, 0x0000000705e00000|  0%| F|  |TAMS 0x0000000705c00000, 0x0000000705c00000| Untracked 
|  37|0x0000000705e00000, 0x0000000705e00000, 0x0000000706000000|  0%| F|  |TAMS 0x0000000705e00000, 0x0000000705e00000| Untracked 
|  38|0x0000000706000000, 0x0000000706000000, 0x0000000706200000|  0%| F|  |TAMS 0x0000000706000000, 0x0000000706000000| Untracked 
|  39|0x0000000706200000, 0x0000000706200000, 0x0000000706400000|  0%| F|  |TAMS 0x0000000706200000, 0x0000000706200000| Untracked 
|  40|0x0000000706400000, 0x0000000706400000, 0x0000000706600000|  0%| F|  |TAMS 0x0000000706400000, 0x0000000706400000| Untracked 
|  41|0x0000000706600000, 0x0000000706600000, 0x0000000706800000|  0%| F|  |TAMS 0x0000000706600000, 0x0000000706600000| Untracked 
|  42|0x0000000706800000, 0x0000000706800000, 0x0000000706a00000|  0%| F|  |TAMS 0x0000000706800000, 0x0000000706800000| Untracked 
|  43|0x0000000706a00000, 0x0000000706a00000, 0x0000000706c00000|  0%| F|  |TAMS 0x0000000706a00000, 0x0000000706a00000| Untracked 
|  44|0x0000000706c00000, 0x0000000706c00000, 0x0000000706e00000|  0%| F|  |TAMS 0x0000000706c00000, 0x0000000706c00000| Untracked 
|  45|0x0000000706e00000, 0x0000000706e00000, 0x0000000707000000|  0%| F|  |TAMS 0x0000000706e00000, 0x0000000706e00000| Untracked 
|  46|0x0000000707000000, 0x0000000707000000, 0x0000000707200000|  0%| F|  |TAMS 0x0000000707000000, 0x0000000707000000| Untracked 
|  47|0x0000000707200000, 0x0000000707200000, 0x0000000707400000|  0%| F|  |TAMS 0x0000000707200000, 0x0000000707200000| Untracked 
|  48|0x0000000707400000, 0x0000000707400000, 0x0000000707600000|  0%| F|  |TAMS 0x0000000707400000, 0x0000000707400000| Untracked 
|  49|0x0000000707600000, 0x0000000707600000, 0x0000000707800000|  0%| F|  |TAMS 0x0000000707600000, 0x0000000707600000| Untracked 
|  50|0x0000000707800000, 0x0000000707800000, 0x0000000707a00000|  0%| F|  |TAMS 0x0000000707800000, 0x0000000707800000| Untracked 
|  51|0x0000000707a00000, 0x0000000707a00000, 0x0000000707c00000|  0%| F|  |TAMS 0x0000000707a00000, 0x0000000707a00000| Untracked 
|  52|0x0000000707c00000, 0x0000000707c00000, 0x0000000707e00000|  0%| F|  |TAMS 0x0000000707c00000, 0x0000000707c00000| Untracked 
|  53|0x0000000707e00000, 0x0000000707e00000, 0x0000000708000000|  0%| F|  |TAMS 0x0000000707e00000, 0x0000000707e00000| Untracked 
|  54|0x0000000708000000, 0x0000000708000000, 0x0000000708200000|  0%| F|  |TAMS 0x0000000708000000, 0x0000000708000000| Untracked 
|  55|0x0000000708200000, 0x0000000708200000, 0x0000000708400000|  0%| F|  |TAMS 0x0000000708200000, 0x0000000708200000| Untracked 
|  56|0x0000000708400000, 0x0000000708400000, 0x0000000708600000|  0%| F|  |TAMS 0x0000000708400000, 0x0000000708400000| Untracked 
|  57|0x0000000708600000, 0x0000000708600000, 0x0000000708800000|  0%| F|  |TAMS 0x0000000708600000, 0x0000000708600000| Untracked 
|  58|0x0000000708800000, 0x0000000708800000, 0x0000000708a00000|  0%| F|  |TAMS 0x0000000708800000, 0x0000000708800000| Untracked 
|  59|0x0000000708a00000, 0x0000000708a00000, 0x0000000708c00000|  0%| F|  |TAMS 0x0000000708a00000, 0x0000000708a00000| Untracked 
|  60|0x0000000708c00000, 0x0000000708c00000, 0x0000000708e00000|  0%| F|  |TAMS 0x0000000708c00000, 0x0000000708c00000| Untracked 
|  61|0x0000000708e00000, 0x0000000708e00000, 0x0000000709000000|  0%| F|  |TAMS 0x0000000708e00000, 0x0000000708e00000| Untracked 
|  62|0x0000000709000000, 0x0000000709000000, 0x0000000709200000|  0%| F|  |TAMS 0x0000000709000000, 0x0000000709000000| Untracked 
|  63|0x0000000709200000, 0x0000000709200000, 0x0000000709400000|  0%| F|  |TAMS 0x0000000709200000, 0x0000000709200000| Untracked 
|  64|0x0000000709400000, 0x0000000709400000, 0x0000000709600000|  0%| F|  |TAMS 0x0000000709400000, 0x0000000709400000| Untracked 
|  65|0x0000000709600000, 0x0000000709600000, 0x0000000709800000|  0%| F|  |TAMS 0x0000000709600000, 0x0000000709600000| Untracked 
|  66|0x0000000709800000, 0x0000000709800000, 0x0000000709a00000|  0%| F|  |TAMS 0x0000000709800000, 0x0000000709800000| Untracked 
|  67|0x0000000709a00000, 0x0000000709a00000, 0x0000000709c00000|  0%| F|  |TAMS 0x0000000709a00000, 0x0000000709a00000| Untracked 
|  68|0x0000000709c00000, 0x0000000709c00000, 0x0000000709e00000|  0%| F|  |TAMS 0x0000000709c00000, 0x0000000709c00000| Untracked 
|  69|0x0000000709e00000, 0x0000000709e00000, 0x000000070a000000|  0%| F|  |TAMS 0x0000000709e00000, 0x0000000709e00000| Untracked 
|  70|0x000000070a000000, 0x000000070a000000, 0x000000070a200000|  0%| F|  |TAMS 0x000000070a000000, 0x000000070a000000| Untracked 
|  71|0x000000070a200000, 0x000000070a200000, 0x000000070a400000|  0%| F|  |TAMS 0x000000070a200000, 0x000000070a200000| Untracked 
|  72|0x000000070a400000, 0x000000070a400000, 0x000000070a600000|  0%| F|  |TAMS 0x000000070a400000, 0x000000070a400000| Untracked 
|  73|0x000000070a600000, 0x000000070a600000, 0x000000070a800000|  0%| F|  |TAMS 0x000000070a600000, 0x000000070a600000| Untracked 
|  74|0x000000070a800000, 0x000000070a800000, 0x000000070aa00000|  0%| F|  |TAMS 0x000000070a800000, 0x000000070a800000| Untracked 
|  75|0x000000070aa00000, 0x000000070aa00000, 0x000000070ac00000|  0%| F|  |TAMS 0x000000070aa00000, 0x000000070aa00000| Untracked 
|  76|0x000000070ac00000, 0x000000070ac00000, 0x000000070ae00000|  0%| F|  |TAMS 0x000000070ac00000, 0x000000070ac00000| Untracked 
|  77|0x000000070ae00000, 0x000000070ae00000, 0x000000070b000000|  0%| F|  |TAMS 0x000000070ae00000, 0x000000070ae00000| Untracked 
|  78|0x000000070b000000, 0x000000070b000000, 0x000000070b200000|  0%| F|  |TAMS 0x000000070b000000, 0x000000070b000000| Untracked 
|  79|0x000000070b200000, 0x000000070b200000, 0x000000070b400000|  0%| F|  |TAMS 0x000000070b200000, 0x000000070b200000| Untracked 
|  80|0x000000070b400000, 0x000000070b400000, 0x000000070b600000|  0%| F|  |TAMS 0x000000070b400000, 0x000000070b400000| Untracked 
|  81|0x000000070b600000, 0x000000070b600000, 0x000000070b800000|  0%| F|  |TAMS 0x000000070b600000, 0x000000070b600000| Untracked 
|  82|0x000000070b800000, 0x000000070b800000, 0x000000070ba00000|  0%| F|  |TAMS 0x000000070b800000, 0x000000070b800000| Untracked 
|  83|0x000000070ba00000, 0x000000070ba00000, 0x000000070bc00000|  0%| F|  |TAMS 0x000000070ba00000, 0x000000070ba00000| Untracked 
|  84|0x000000070bc00000, 0x000000070bc00000, 0x000000070be00000|  0%| F|  |TAMS 0x000000070bc00000, 0x000000070bc00000| Untracked 
|  85|0x000000070be00000, 0x000000070be00000, 0x000000070c000000|  0%| F|  |TAMS 0x000000070be00000, 0x000000070be00000| Untracked 
|  86|0x000000070c000000, 0x000000070c000000, 0x000000070c200000|  0%| F|  |TAMS 0x000000070c000000, 0x000000070c000000| Untracked 
|  87|0x000000070c200000, 0x000000070c200000, 0x000000070c400000|  0%| F|  |TAMS 0x000000070c200000, 0x000000070c200000| Untracked 
|  88|0x000000070c400000, 0x000000070c400000, 0x000000070c600000|  0%| F|  |TAMS 0x000000070c400000, 0x000000070c400000| Untracked 
|  89|0x000000070c600000, 0x000000070c600000, 0x000000070c800000|  0%| F|  |TAMS 0x000000070c600000, 0x000000070c600000| Untracked 
|  90|0x000000070c800000, 0x000000070c800000, 0x000000070ca00000|  0%| F|  |TAMS 0x000000070c800000, 0x000000070c800000| Untracked 
|  91|0x000000070ca00000, 0x000000070ca00000, 0x000000070cc00000|  0%| F|  |TAMS 0x000000070ca00000, 0x000000070ca00000| Untracked 
|  92|0x000000070cc00000, 0x000000070cc00000, 0x000000070ce00000|  0%| F|  |TAMS 0x000000070cc00000, 0x000000070cc00000| Untracked 
|  93|0x000000070ce00000, 0x000000070ce00000, 0x000000070d000000|  0%| F|  |TAMS 0x000000070ce00000, 0x000000070ce00000| Untracked 
|  94|0x000000070d000000, 0x000000070d000000, 0x000000070d200000|  0%| F|  |TAMS 0x000000070d000000, 0x000000070d000000| Untracked 
|  95|0x000000070d200000, 0x000000070d200000, 0x000000070d400000|  0%| F|  |TAMS 0x000000070d200000, 0x000000070d200000| Untracked 
|  96|0x000000070d400000, 0x000000070d400000, 0x000000070d600000|  0%| F|  |TAMS 0x000000070d400000, 0x000000070d400000| Untracked 
|  97|0x000000070d600000, 0x000000070d600000, 0x000000070d800000|  0%| F|  |TAMS 0x000000070d600000, 0x000000070d600000| Untracked 
|  98|0x000000070d800000, 0x000000070d800000, 0x000000070da00000|  0%| F|  |TAMS 0x000000070d800000, 0x000000070d800000| Untracked 
|  99|0x000000070da00000, 0x000000070da00000, 0x000000070dc00000|  0%| F|  |TAMS 0x000000070da00000, 0x000000070da00000| Untracked 
| 100|0x000000070dc00000, 0x000000070dc00000, 0x000000070de00000|  0%| F|  |TAMS 0x000000070dc00000, 0x000000070dc00000| Untracked 
| 101|0x000000070de00000, 0x000000070de00000, 0x000000070e000000|  0%| F|  |TAMS 0x000000070de00000, 0x000000070de00000| Untracked 
| 102|0x000000070e000000, 0x000000070e000000, 0x000000070e200000|  0%| F|  |TAMS 0x000000070e000000, 0x000000070e000000| Untracked 
| 103|0x000000070e200000, 0x000000070e200000, 0x000000070e400000|  0%| F|  |TAMS 0x000000070e200000, 0x000000070e200000| Untracked 
| 104|0x000000070e400000, 0x000000070e400000, 0x000000070e600000|  0%| F|  |TAMS 0x000000070e400000, 0x000000070e400000| Untracked 
| 105|0x000000070e600000, 0x000000070e600000, 0x000000070e800000|  0%| F|  |TAMS 0x000000070e600000, 0x000000070e600000| Untracked 
| 106|0x000000070e800000, 0x000000070e800000, 0x000000070ea00000|  0%| F|  |TAMS 0x000000070e800000, 0x000000070e800000| Untracked 
| 107|0x000000070ea00000, 0x000000070ea00000, 0x000000070ec00000|  0%| F|  |TAMS 0x000000070ea00000, 0x000000070ea00000| Untracked 
| 108|0x000000070ec00000, 0x000000070ec00000, 0x000000070ee00000|  0%| F|  |TAMS 0x000000070ec00000, 0x000000070ec00000| Untracked 
| 109|0x000000070ee00000, 0x000000070ee00000, 0x000000070f000000|  0%| F|  |TAMS 0x000000070ee00000, 0x000000070ee00000| Untracked 
| 110|0x000000070f000000, 0x000000070f000000, 0x000000070f200000|  0%| F|  |TAMS 0x000000070f000000, 0x000000070f000000| Untracked 
| 111|0x000000070f200000, 0x000000070f200000, 0x000000070f400000|  0%| F|  |TAMS 0x000000070f200000, 0x000000070f200000| Untracked 
| 112|0x000000070f400000, 0x000000070f400000, 0x000000070f600000|  0%| F|  |TAMS 0x000000070f400000, 0x000000070f400000| Untracked 
| 113|0x000000070f600000, 0x000000070f600000, 0x000000070f800000|  0%| F|  |TAMS 0x000000070f600000, 0x000000070f600000| Untracked 
| 114|0x000000070f800000, 0x000000070f800000, 0x000000070fa00000|  0%| F|  |TAMS 0x000000070f800000, 0x000000070f800000| Untracked 
| 115|0x000000070fa00000, 0x000000070fc00000, 0x000000070fc00000|100%| S|CS|TAMS 0x000000070fa00000, 0x000000070fa00000| Complete 
| 116|0x000000070fc00000, 0x000000070fe00000, 0x000000070fe00000|100%| S|CS|TAMS 0x000000070fc00000, 0x000000070fc00000| Complete 
| 117|0x000000070fe00000, 0x000000070fe00000, 0x0000000710000000|  0%| F|  |TAMS 0x000000070fe00000, 0x000000070fe00000| Untracked 
| 118|0x0000000710000000, 0x0000000710000000, 0x0000000710200000|  0%| F|  |TAMS 0x0000000710000000, 0x0000000710000000| Untracked 
| 119|0x0000000710200000, 0x0000000710200000, 0x0000000710400000|  0%| F|  |TAMS 0x0000000710200000, 0x0000000710200000| Untracked 
| 120|0x0000000710400000, 0x0000000710400000, 0x0000000710600000|  0%| F|  |TAMS 0x0000000710400000, 0x0000000710400000| Untracked 
| 121|0x0000000710600000, 0x0000000710600000, 0x0000000710800000|  0%| F|  |TAMS 0x0000000710600000, 0x0000000710600000| Untracked 
| 122|0x0000000710800000, 0x0000000710800000, 0x0000000710a00000|  0%| F|  |TAMS 0x0000000710800000, 0x0000000710800000| Untracked 
| 123|0x0000000710a00000, 0x0000000710a00000, 0x0000000710c00000|  0%| F|  |TAMS 0x0000000710a00000, 0x0000000710a00000| Untracked 
| 124|0x0000000710c00000, 0x0000000710c00000, 0x0000000710e00000|  0%| F|  |TAMS 0x0000000710c00000, 0x0000000710c00000| Untracked 
| 125|0x0000000710e00000, 0x0000000710e00000, 0x0000000711000000|  0%| F|  |TAMS 0x0000000710e00000, 0x0000000710e00000| Untracked 
| 126|0x0000000711000000, 0x0000000711082b78, 0x0000000711200000| 25%| E|  |TAMS 0x0000000711000000, 0x0000000711000000| Complete 
| 127|0x0000000711200000, 0x0000000711400000, 0x0000000711400000|100%| E|CS|TAMS 0x0000000711200000, 0x0000000711200000| Complete 

Card table byte_map: [0x00000293621e0000,0x00000293629e0000] _byte_map_base: 0x000002935e9d6000

Marking Bits (Prev, Next): (CMBitMap*) 0x000002934d139df0, (CMBitMap*) 0x000002934d139e30
 Prev Bits: [0x00000293631e0000, 0x0000029367190000)
 Next Bits: [0x0000029367190000, 0x000002936b140000)

Polling page: 0x000002934d1a0000

Metaspace:

Usage:
  Non-class:     12.71 MB used.
      Class:      1.37 MB used.
       Both:     14.08 MB used.

Virtual space:
  Non-class space:       16.00 MB reserved,      12.81 MB ( 80%) committed,  2 nodes.
      Class space:        1.00 GB reserved,       1.50 MB ( <1%) committed,  1 nodes.
             Both:        1.02 GB reserved,      14.31 MB (  1%) committed. 

Chunk freelists:
   Non-Class:  2.55 MB
       Class:  2.48 MB
        Both:  5.03 MB

MaxMetaspaceSize: unlimited
CompressedClassSpaceSize: 1.00 GB
Initial GC threshold: 21.00 MB
Current GC threshold: 21.00 MB
CDS: off
MetaspaceReclaimPolicy: balanced
 - commit_granule_bytes: 65536.
 - commit_granule_words: 8192.
 - virtual_space_node_default_size: 1048576.
 - enlarge_chunks_in_place: 1.
 - new_chunks_are_fully_committed: 0.
 - uncommit_free_chunks: 1.
 - use_allocation_guard: 0.
 - handle_deallocations: 1.


Internal statistics:

num_allocs_failed_limit: 0.
num_arena_births: 18.
num_arena_deaths: 0.
num_vsnodes_births: 3.
num_vsnodes_deaths: 0.
num_space_committed: 229.
num_space_uncommitted: 0.
num_chunks_returned_to_freelist: 0.
num_chunks_taken_from_freelist: 172.
num_chunk_merges: 0.
num_chunk_splits: 108.
num_chunks_enlarged: 85.
num_purges: 0.
num_inconsistent_stats: 0.

CodeHeap 'non-profiled nmethods': size=120000Kb used=430Kb max_used=430Kb free=119569Kb
 bounds [0x0000029359a50000, 0x0000029359cc0000, 0x0000029360f80000]
CodeHeap 'profiled nmethods': size=120000Kb used=2239Kb max_used=2239Kb free=117761Kb
 bounds [0x0000029352520000, 0x0000029352790000, 0x0000029359a50000]
CodeHeap 'non-nmethods': size=5760Kb used=1159Kb max_used=1197Kb free=4600Kb
 bounds [0x0000029351f80000, 0x00000293521f0000, 0x0000029352520000]
 total_blobs=1551 nmethods=1099 adapters=365
 compilation: enabled
              stopped_count=0, restarted_count=0
 full_count=0

Compilation events (20 events):
Event: 0.607 Thread 0x000002936e8cd850 nmethod 994 0x0000029352714910 code [0x0000029352714ac0, 0x0000029352714df8]
Event: 0.607 Thread 0x000002936e8cd850  995       3       java.util.TreeMap$PrivateEntryIterator::<init> (28 bytes)
Event: 0.608 Thread 0x000002936e8cd850 nmethod 995 0x0000029352714f10 code [0x00000293527150c0, 0x0000029352715338]
Event: 0.609 Thread 0x000002936e8cd850  996       3       org.codehaus.plexus.classworlds.realm.ClassRealm::getClassRealmLoadingLock (14 bytes)
Event: 0.609 Thread 0x000002936e8cd850 nmethod 996 0x0000029352715410 code [0x00000293527155c0, 0x0000029352715728]
Event: 0.609 Thread 0x000002936e8cd850  997   !   3       java.net.URLClassLoader::findClass (47 bytes)
Event: 0.609 Thread 0x000002936e8cd850 nmethod 997 0x0000029352715810 code [0x0000029352715a00, 0x0000029352716068]
Event: 0.609 Thread 0x000002936e8cd850  998       3       java.net.URLClassLoader$1::<init> (15 bytes)
Event: 0.609 Thread 0x000002936e8cd850 nmethod 998 0x0000029352716290 code [0x0000029352716440, 0x0000029352716678]
Event: 0.610 Thread 0x000002936e8cd850  999       3       java.net.URLClassLoader$1::run (5 bytes)
Event: 0.610 Thread 0x000002936e8cd850 nmethod 999 0x0000029352716710 code [0x00000293527168c0, 0x0000029352716a08]
Event: 0.610 Thread 0x000002936e8cd850 1000   !   3       java.net.URLClassLoader$1::run (81 bytes)
Event: 0.610 Thread 0x000002936e8cd850 nmethod 1000 0x0000029352716a90 code [0x0000029352716e20, 0x00000293527183d8]
Event: 0.610 Thread 0x000002936e8cd850 1001   !   3       java.net.URLClassLoader::defineClass (224 bytes)
Event: 0.612 Thread 0x000002936e8cd850 nmethod 1001 0x0000029352718c10 code [0x0000029352719020, 0x000002935271acb8]
Event: 0.614 Thread 0x000002936e8cd850 1003   !   3       org.codehaus.plexus.classworlds.realm.ClassRealm::loadClassFromSelf (40 bytes)
Event: 0.614 Thread 0x000002936e8cd850 nmethod 1003 0x000002935271b690 code [0x000002935271b880, 0x000002935271bd38]
Event: 0.616 Thread 0x000002936e8cd850 1004       3       java.security.MessageDigestSpi::<init> (5 bytes)
Event: 0.616 Thread 0x000002936e8cd850 nmethod 1004 0x000002935271bf90 code [0x000002935271c120, 0x000002935271c278]
Event: 0.616 Thread 0x000002936e8cd850 1005       3       java.util.Base64$Decoder::decodedOutLength (205 bytes)

GC Heap History (0 events):
No events

Dll operation events (7 events):
Event: 0.006 Loaded shared library C:\Users\fing.labcom\Downloads\sts-4.17.1.RELEASE\plugins\org.eclipse.justj.openjdk.hotspot.jre.full.win32.x86_64_17.0.5.v20221102-0933\jre\bin\java.dll
Event: 0.097 Loaded shared library C:\Users\fing.labcom\Downloads\sts-4.17.1.RELEASE\plugins\org.eclipse.justj.openjdk.hotspot.jre.full.win32.x86_64_17.0.5.v20221102-0933\jre\bin\net.dll
Event: 0.098 Loaded shared library C:\Users\fing.labcom\Downloads\sts-4.17.1.RELEASE\plugins\org.eclipse.justj.openjdk.hotspot.jre.full.win32.x86_64_17.0.5.v20221102-0933\jre\bin\nio.dll
Event: 0.105 Loaded shared library C:\Users\fing.labcom\Downloads\sts-4.17.1.RELEASE\plugins\org.eclipse.justj.openjdk.hotspot.jre.full.win32.x86_64_17.0.5.v20221102-0933\jre\bin\zip.dll
Event: 0.196 Loaded shared library C:\Users\fing.labcom\Downloads\sts-4.17.1.RELEASE\plugins\org.eclipse.justj.openjdk.hotspot.jre.full.win32.x86_64_17.0.5.v20221102-0933\jre\bin\jimage.dll
Event: 0.241 Loaded shared library C:\Users\fing.labcom\AppData\Local\Temp\jansi-2.4.0-46cec6bcee8571bf-jansi.dll
Event: 0.251 Loaded shared library C:\Users\fing.labcom\Downloads\sts-4.17.1.RELEASE\plugins\org.eclipse.justj.openjdk.hotspot.jre.full.win32.x86_64_17.0.5.v20221102-0933\jre\bin\verify.dll

Deoptimization events (20 events):
Event: 0.542 Thread 0x000002934d0cb010 DEOPT PACKING pc=0x00000293526ce3be sp=0x000000ae1acfc6b0
Event: 0.542 Thread 0x000002934d0cb010 DEOPT UNPACKING pc=0x0000029351fd2b43 sp=0x000000ae1acfbb08 mode 0
Event: 0.549 Thread 0x000002934d0cb010 DEOPT PACKING pc=0x00000293526ce3be sp=0x000000ae1acfc040
Event: 0.549 Thread 0x000002934d0cb010 DEOPT UNPACKING pc=0x0000029351fd2b43 sp=0x000000ae1acfb498 mode 0
Event: 0.550 Thread 0x000002934d0cb010 DEOPT PACKING pc=0x00000293526ce3be sp=0x000000ae1acfc040
Event: 0.550 Thread 0x000002934d0cb010 DEOPT UNPACKING pc=0x0000029351fd2b43 sp=0x000000ae1acfb498 mode 0
Event: 0.551 Thread 0x000002934d0cb010 DEOPT PACKING pc=0x00000293526ce3be sp=0x000000ae1acf7020
Event: 0.551 Thread 0x000002934d0cb010 DEOPT UNPACKING pc=0x0000029351fd2b43 sp=0x000000ae1acf6478 mode 0
Event: 0.558 Thread 0x000002934d0cb010 DEOPT PACKING pc=0x00000293526ce3be sp=0x000000ae1acfc6a0
Event: 0.558 Thread 0x000002934d0cb010 DEOPT UNPACKING pc=0x0000029351fd2b43 sp=0x000000ae1acfbaf8 mode 0
Event: 0.558 Thread 0x000002934d0cb010 DEOPT PACKING pc=0x00000293526ce3be sp=0x000000ae1acfc6a0
Event: 0.558 Thread 0x000002934d0cb010 DEOPT UNPACKING pc=0x0000029351fd2b43 sp=0x000000ae1acfbaf8 mode 0
Event: 0.558 Thread 0x000002934d0cb010 DEOPT PACKING pc=0x00000293526ce3be sp=0x000000ae1acfc6a0
Event: 0.558 Thread 0x000002934d0cb010 DEOPT UNPACKING pc=0x0000029351fd2b43 sp=0x000000ae1acfbaf8 mode 0
Event: 0.559 Thread 0x000002934d0cb010 DEOPT PACKING pc=0x00000293526ce3be sp=0x000000ae1acfc6a0
Event: 0.559 Thread 0x000002934d0cb010 DEOPT UNPACKING pc=0x0000029351fd2b43 sp=0x000000ae1acfbaf8 mode 0
Event: 0.559 Thread 0x000002934d0cb010 DEOPT PACKING pc=0x00000293526ce3be sp=0x000000ae1acfc6a0
Event: 0.559 Thread 0x000002934d0cb010 DEOPT UNPACKING pc=0x0000029351fd2b43 sp=0x000000ae1acfbaf8 mode 0
Event: 0.560 Thread 0x000002934d0cb010 DEOPT PACKING pc=0x00000293526ce3be sp=0x000000ae1acf90e0
Event: 0.560 Thread 0x000002934d0cb010 DEOPT UNPACKING pc=0x0000029351fd2b43 sp=0x000000ae1acf8538 mode 0

Classes unloaded (0 events):
No events

Classes redefined (0 events):
No events

Internal exceptions (11 events):
Event: 0.192 Thread 0x000002934d0cb010 Exception <a 'java/lang/NullPointerException'{0x0000000710e836a0}> (0x0000000710e836a0) 
thrown [s\src\hotspot\share\interpreter\linkResolver.cpp, line 1350]
Event: 0.243 Thread 0x000002934d0cb010 Exception <a 'java/lang/NullPointerException'{0x0000000710ed14b8}> (0x0000000710ed14b8) 
thrown [s\src\hotspot\share\interpreter\linkResolver.cpp, line 1350]
Event: 0.243 Thread 0x000002934d0cb010 Exception <a 'java/lang/NullPointerException'{0x0000000710ed1790}> (0x0000000710ed1790) 
thrown [s\src\hotspot\share\interpreter\linkResolver.cpp, line 1350]
Event: 0.243 Thread 0x000002934d0cb010 Exception <a 'java/lang/NullPointerException'{0x0000000710ed1a68}> (0x0000000710ed1a68) 
thrown [s\src\hotspot\share\interpreter\linkResolver.cpp, line 1350]
Event: 0.244 Thread 0x000002934d0cb010 Exception <a 'java/lang/NullPointerException'{0x0000000710ed7bc8}> (0x0000000710ed7bc8) 
thrown [s\src\hotspot\share\interpreter\linkResolver.cpp, line 1350]
Event: 0.245 Thread 0x000002934d0cb010 Exception <a 'java/lang/NullPointerException'{0x0000000710eeefc8}> (0x0000000710eeefc8) 
thrown [s\src\hotspot\share\interpreter\linkResolver.cpp, line 1350]
Event: 0.245 Thread 0x000002934d0cb010 Exception <a 'java/lang/NullPointerException'{0x0000000710eef2a0}> (0x0000000710eef2a0) 
thrown [s\src\hotspot\share\interpreter\linkResolver.cpp, line 1350]
Event: 0.245 Thread 0x000002934d0cb010 Exception <a 'java/lang/NullPointerException'{0x0000000710eef578}> (0x0000000710eef578) 
thrown [s\src\hotspot\share\interpreter\linkResolver.cpp, line 1350]
Event: 0.245 Thread 0x000002934d0cb010 Exception <a 'java/lang/NullPointerException'{0x0000000710eef850}> (0x0000000710eef850) 
thrown [s\src\hotspot\share\interpreter\linkResolver.cpp, line 1350]
Event: 0.292 Thread 0x000002934d0cb010 Exception <a 'java/lang/NullPointerException'{0x0000000710c39898}> (0x0000000710c39898) 
thrown [s\src\hotspot\share\interpreter\linkResolver.cpp, line 1350]
Event: 0.292 Thread 0x000002934d0cb010 Exception <a 'java/lang/NullPointerException'{0x0000000710c41e58}> (0x0000000710c41e58) 
thrown [s\src\hotspot\share\interpreter\linkResolver.cpp, line 1350]

VM Operations (10 events):
Event: 0.106 Executing VM operation: HandshakeAllThreads
Event: 0.106 Executing VM operation: HandshakeAllThreads done
Event: 0.192 Executing VM operation: HandshakeAllThreads
Event: 0.192 Executing VM operation: HandshakeAllThreads done
Event: 0.200 Executing VM operation: HandshakeAllThreads
Event: 0.200 Executing VM operation: HandshakeAllThreads done
Event: 0.411 Executing VM operation: HandshakeAllThreads
Event: 0.411 Executing VM operation: HandshakeAllThreads done
Event: 0.430 Executing VM operation: HandshakeAllThreads
Event: 0.430 Executing VM operation: HandshakeAllThreads done

Events (20 events):
Event: 0.517 loading class jdk/internal/reflect/BootstrapConstructorAccessorImpl
Event: 0.517 loading class jdk/internal/reflect/BootstrapConstructorAccessorImpl done
Event: 0.552 loading class java/util/NoSuchElementException
Event: 0.552 loading class java/util/NoSuchElementException done
Event: 0.589 loading class java/lang/InterruptedException
Event: 0.589 loading class java/lang/InterruptedException done
Event: 0.590 loading class java/util/concurrent/ExecutionException
Event: 0.590 loading class java/util/concurrent/ExecutionException done
Event: 0.592 loading class java/util/function/BiPredicate
Event: 0.592 loading class java/util/function/BiPredicate done
Event: 0.595 loading class java/util/concurrent/ConcurrentLinkedQueue
Event: 0.595 loading class java/util/concurrent/ConcurrentLinkedQueue done
Event: 0.595 loading class java/util/concurrent/ConcurrentLinkedQueue$Node
Event: 0.595 loading class java/util/concurrent/ConcurrentLinkedQueue$Node done
Event: 0.600 loading class java/util/concurrent/Future
Event: 0.600 loading class java/util/concurrent/Future done
Event: 0.601 loading class java/util/concurrent/atomic/AtomicReferenceArray
Event: 0.601 loading class java/util/concurrent/atomic/AtomicReferenceArray done
Event: 0.601 loading class java/lang/invoke/VarHandleReferences$Array
Event: 0.601 loading class java/lang/invoke/VarHandleReferences$Array done


Dynamic libraries:
0x00007ff6341d0000 - 0x00007ff6341de000 	C:\Users\fing.labcom\Downloads\sts-4.17.1.RELEASE\plugins\org.eclipse.justj.openjdk.hotspot.jre.full.win32.x86_64_17.0.5.v20221102-0933\jre\bin\javaw.exe
0x00007ffe9d510000 - 0x00007ffe9d708000 	C:\WINDOWS\SYSTEM32\ntdll.dll
0x00007ffe9b630000 - 0x00007ffe9b6ef000 	C:\WINDOWS\System32\KERNEL32.DLL
0x00007ffe9ad80000 - 0x00007ffe9b052000 	C:\WINDOWS\System32\KERNELBASE.dll
0x00007ffe9ac80000 - 0x00007ffe9ad80000 	C:\WINDOWS\System32\ucrtbase.dll
0x00007ffe7fd80000 - 0x00007ffe7fd99000 	C:\Users\fing.labcom\Downloads\sts-4.17.1.RELEASE\plugins\org.eclipse.justj.openjdk.hotspot.jre.full.win32.x86_64_17.0.5.v20221102-0933\jre\bin\VCRUNTIME140.dll
0x00007ffe7f760000 - 0x00007ffe7f777000 	C:\Users\fing.labcom\Downloads\sts-4.17.1.RELEASE\plugins\org.eclipse.justj.openjdk.hotspot.jre.full.win32.x86_64_17.0.5.v20221102-0933\jre\bin\jli.dll
0x00007ffe9b6f0000 - 0x00007ffe9b891000 	C:\WINDOWS\System32\USER32.dll
0x00007ffe777f0000 - 0x00007ffe77a8a000 	C:\WINDOWS\WinSxS\amd64_microsoft.windows.common-controls_6595b64144ccf1df_6.0.19041.1110_none_60b5254171f9507e\COMCTL32.dll
0x00007ffe9b340000 - 0x00007ffe9b362000 	C:\WINDOWS\System32\win32u.dll
0x00007ffe9bdb0000 - 0x00007ffe9be4e000 	C:\WINDOWS\System32\msvcrt.dll
0x00007ffe9bd10000 - 0x00007ffe9bd3b000 	C:\WINDOWS\System32\GDI32.dll
0x00007ffe9b060000 - 0x00007ffe9b16f000 	C:\WINDOWS\System32\gdi32full.dll
0x00007ffe9b4b0000 - 0x00007ffe9b54d000 	C:\WINDOWS\System32\msvcp_win.dll
0x00007ffe9cef0000 - 0x00007ffe9cf22000 	C:\WINDOWS\System32\IMM32.DLL
0x00007ffe8fec0000 - 0x00007ffe8fecc000 	C:\Users\fing.labcom\Downloads\sts-4.17.1.RELEASE\plugins\org.eclipse.justj.openjdk.hotspot.jre.full.win32.x86_64_17.0.5.v20221102-0933\jre\bin\vcruntime140_1.dll
0x00007ffe6d810000 - 0x00007ffe6d8a1000 	C:\Users\fing.labcom\Downloads\sts-4.17.1.RELEASE\plugins\org.eclipse.justj.openjdk.hotspot.jre.full.win32.x86_64_17.0.5.v20221102-0933\jre\bin\msvcp140.dll
0x00007ffe54450000 - 0x00007ffe55094000 	C:\Users\fing.labcom\Downloads\sts-4.17.1.RELEASE\plugins\org.eclipse.justj.openjdk.hotspot.jre.full.win32.x86_64_17.0.5.v20221102-0933\jre\bin\server\jvm.dll
0x00007ffe9b8a0000 - 0x00007ffe9b94e000 	C:\WINDOWS\System32\ADVAPI32.dll
0x00007ffe9c670000 - 0x00007ffe9c70c000 	C:\WINDOWS\System32\sechost.dll
0x00007ffe9baf0000 - 0x00007ffe9bc15000 	C:\WINDOWS\System32\RPCRT4.dll
0x00007ffe8fd00000 - 0x00007ffe8fd09000 	C:\WINDOWS\SYSTEM32\WSOCK32.dll
0x00007ffe76490000 - 0x00007ffe764b7000 	C:\WINDOWS\SYSTEM32\WINMM.dll
0x00007ffe95600000 - 0x00007ffe9560a000 	C:\WINDOWS\SYSTEM32\VERSION.dll
0x00007ffe9bd40000 - 0x00007ffe9bdab000 	C:\WINDOWS\System32\WS2_32.dll
0x00007ffe98aa0000 - 0x00007ffe98ab2000 	C:\WINDOWS\SYSTEM32\kernel.appcore.dll
0x00007ffe95440000 - 0x00007ffe9544a000 	C:\Users\fing.labcom\Downloads\sts-4.17.1.RELEASE\plugins\org.eclipse.justj.openjdk.hotspot.jre.full.win32.x86_64_17.0.5.v20221102-0933\jre\bin\jimage.dll
0x00007ffe91a60000 - 0x00007ffe91c44000 	C:\WINDOWS\SYSTEM32\DBGHELP.DLL
0x00007ffe90e40000 - 0x00007ffe90e75000 	C:\WINDOWS\SYSTEM32\dbgcore.DLL
0x00007ffe9b420000 - 0x00007ffe9b4a2000 	C:\WINDOWS\System32\bcryptPrimitives.dll
0x00007ffe8ff30000 - 0x00007ffe8ff55000 	C:\Users\fing.labcom\Downloads\sts-4.17.1.RELEASE\plugins\org.eclipse.justj.openjdk.hotspot.jre.full.win32.x86_64_17.0.5.v20221102-0933\jre\bin\java.dll
0x00007ffe8ff10000 - 0x00007ffe8ff28000 	C:\Users\fing.labcom\Downloads\sts-4.17.1.RELEASE\plugins\org.eclipse.justj.openjdk.hotspot.jre.full.win32.x86_64_17.0.5.v20221102-0933\jre\bin\zip.dll
0x00007ffe9bf20000 - 0x00007ffe9c664000 	C:\WINDOWS\System32\SHELL32.dll
0x00007ffe98ca0000 - 0x00007ffe99432000 	C:\WINDOWS\SYSTEM32\windows.storage.dll
0x00007ffe9d110000 - 0x00007ffe9d465000 	C:\WINDOWS\System32\combase.dll
0x00007ffe9a4a0000 - 0x00007ffe9a4d0000 	C:\WINDOWS\SYSTEM32\Wldp.dll
0x00007ffe9b9b0000 - 0x00007ffe9ba5d000 	C:\WINDOWS\System32\SHCORE.dll
0x00007ffe9b950000 - 0x00007ffe9b9a5000 	C:\WINDOWS\System32\shlwapi.dll
0x00007ffe9ab40000 - 0x00007ffe9ab5f000 	C:\WINDOWS\SYSTEM32\profapi.dll
0x00007ffe8fef0000 - 0x00007ffe8ff09000 	C:\Users\fing.labcom\Downloads\sts-4.17.1.RELEASE\plugins\org.eclipse.justj.openjdk.hotspot.jre.full.win32.x86_64_17.0.5.v20221102-0933\jre\bin\net.dll
0x00007ffe95220000 - 0x00007ffe9532c000 	C:\WINDOWS\SYSTEM32\WINHTTP.dll
0x00007ffe9a280000 - 0x00007ffe9a2ea000 	C:\WINDOWS\system32\mswsock.dll
0x00007ffe8e5a0000 - 0x00007ffe8e5b5000 	C:\Users\fing.labcom\Downloads\sts-4.17.1.RELEASE\plugins\org.eclipse.justj.openjdk.hotspot.jre.full.win32.x86_64_17.0.5.v20221102-0933\jre\bin\nio.dll
0x0000000069ac0000 - 0x0000000069ae4000 	C:\Users\fing.labcom\AppData\Local\Temp\jansi-2.4.0-46cec6bcee8571bf-jansi.dll
0x00007ffe92320000 - 0x00007ffe92330000 	C:\Users\fing.labcom\Downloads\sts-4.17.1.RELEASE\plugins\org.eclipse.justj.openjdk.hotspot.jre.full.win32.x86_64_17.0.5.v20221102-0933\jre\bin\verify.dll

dbghelp: loaded successfully - version: 4.0.5 - missing functions: none
symbol engine: initialized successfully - sym options: 0x614 - pdb path: .;C:\Users\fing.labcom\Downloads\sts-4.17.1.RELEASE\plugins\org.eclipse.justj.openjdk.hotspot.jre.full.win32.x86_64_17.0.5.v20221102-0933\jre\bin;C:\WINDOWS\SYSTEM32;C:\WINDOWS\WinSxS\amd64_microsoft.windows.common-controls_6595b64144ccf1df_6.0.19041.1110_none_60b5254171f9507e;C:\Users\fing.labcom\Downloads\sts-4.17.1.RELEASE\plugins\org.eclipse.justj.openjdk.hotspot.jre.full.win32.x86_64_17.0.5.v20221102-0933\jre\bin\server;C:\Users\fing.labcom\AppData\Local\Temp

VM Arguments:
jvm_args: -Dmaven.home=EMBEDDED -Dclassworlds.conf=D:\AvanzadaII\.metadata\.plugins\org.eclipse.m2e.launching\launches\m2conf15318557332833919963.tmp -Dmaven.multiModuleProjectDirectory=D:\AvanzadaII\proyecto_pa_u2_db-1 -Dm2e.build.project.data.socket.port=54334 -Dfile.encoding=UTF-8 -XX:+ShowCodeDetailsInExceptionMessages 
java_command: org.codehaus.plexus.classworlds.launcher.Launcher -Ppom.xml -B -Dstyle.color=always install
java_class_path (initial): C:\Users\fing.labcom\Downloads\sts-4.17.1.RELEASE\plugins\org.eclipse.m2e.maven.runtime_3.8.604.20221130-2149\jars\plexus-classworlds-2.6.0.jar
Launcher Type: SUN_STANDARD

[Global flags]
     intx CICompilerCount                          = 4                                         {product} {ergonomic}
     uint ConcGCThreads                            = 2                                         {product} {ergonomic}
     uint G1ConcRefinementThreads                  = 8                                         {product} {ergonomic}
   size_t G1HeapRegionSize                         = 2097152                                   {product} {ergonomic}
    uintx GCDrainStackTargetSize                   = 64                                        {product} {ergonomic}
   size_t InitialHeapSize                          = 268435456                                 {product} {ergonomic}
   size_t MarkStackSize                            = 4194304                                   {product} {ergonomic}
   size_t MaxHeapSize                              = 4273995776                                {product} {ergonomic}
   size_t MaxNewSize                               = 2562719744                                {product} {ergonomic}
   size_t MinHeapDeltaBytes                        = 2097152                                   {product} {ergonomic}
   size_t MinHeapSize                              = 8388608                                   {product} {ergonomic}
    uintx NonNMethodCodeHeapSize                   = 5839372                                {pd product} {ergonomic}
    uintx NonProfiledCodeHeapSize                  = 122909434                              {pd product} {ergonomic}
    uintx ProfiledCodeHeapSize                     = 122909434                              {pd product} {ergonomic}
    uintx ReservedCodeCacheSize                    = 251658240                              {pd product} {ergonomic}
     bool SegmentedCodeCache                       = true                                      {product} {ergonomic}
     bool ShowCodeDetailsInExceptionMessages       = true                                   {manageable} {command line}
   size_t SoftMaxHeapSize                          = 4273995776                             {manageable} {ergonomic}
     bool UseCompressedClassPointers               = true                           {product lp64_product} {ergonomic}
     bool UseCompressedOops                        = true                           {product lp64_product} {ergonomic}
     bool UseG1GC                                  = true                                      {product} {ergonomic}
     bool UseLargePagesIndividualAllocation        = false                                  {pd product} {ergonomic}

Logging:
Log output configuration:
 #0: stdout all=warning uptime,level,tags
 #1: stderr all=off uptime,level,tags

Environment Variables:
PATH=C:/Users/fing.labcom/Downloads/sts-4.17.1.RELEASE//plugins/org.eclipse.justj.openjdk.hotspot.jre.full.win32.x86_64_17.0.5.v20221102-0933/jre/bin/server;C:/Users/fing.labcom/Downloads/sts-4.17.1.RELEASE//plugins/org.eclipse.justj.openjdk.hotspot.jre.full.win32.x86_64_17.0.5.v20221102-0933/jre/bin;C:\Program Files (x86)\Common Files\Intel\Shared Libraries\redist\intel64_win\compiler;C:\ProgramData\Oracle\Java\javapath;C:\Program Files\Common Files\Oracle\Java\javapath;C:\WINDOWS\system32;C:\WINDOWS;C:\WINDOWS\System32\Wbem;C:\WINDOWS\System32\WindowsPowerShell\v1.0\;C:\WINDOWS\System32\OpenSSH\;C:\Program Files\Docker\Docker\resources\bin;C:\ProgramData\DockerDesktop\version-bin;C:\Program Files\nodejs\;C:\Users\fing.labcom\AppData\Local\Microsoft\WindowsApps;C:\Users\fing.labcom\AppData\Local\Programs\Git\cmd;C:\Users\fing.labcom\AppData\Local\JetBrains\IntelliJ IDEA 2022.3\bin;;C:\Users\fing.labcom\AppData\Roaming\npm;C:\Users\fing.labcom\Downloads\sts-4.17.1.RELEASE;
USERNAME=fing.labcom
OS=Windows_NT
PROCESSOR_IDENTIFIER=Intel64 Family 6 Model 158 Stepping 9, GenuineIntel
TMP=C:\Users\FING~1.LAB\AppData\Local\Temp
TEMP=C:\Users\FING~1.LAB\AppData\Local\Temp



---------------  S Y S T E M  ---------------

OS:
 Windows 10 , 64 bit Build 19041 (10.0.19041.2364)
OS uptime: 0 days 6:51 hours
Hyper-V role detected

CPU: total 8 (initial active 8) (4 cores per cpu, 2 threads per core) family 6 model 158 stepping 9 microcode 0xb4, cx8, cmov, fxsr, ht, mmx, 3dnowpref, sse, sse2, sse3, ssse3, sse4.1, sse4.2, popcnt, lzcnt, tsc, tscinvbit, avx, avx2, aes, erms, clmul, bmi1, bmi2, rtm, adx, fma, vzeroupper, clflush, clflushopt, hv

Memory: 4k page, system-wide physical 16296M (9868M free)
TotalPageFile size 18728M (AvailPageFile size 11753M)
current process WorkingSet (physical memory assigned to process): 89M, peak: 89M
current process commit charge ("private bytes"): 364M, peak: 364M

vm_info: OpenJDK 64-Bit Server VM (17.0.5+8) for windows-amd64 JRE (17.0.5+8), built on Oct 19 2022 04:48:13 by "temurin" with MS VC++ 16.7 (VS2019)

END.
